  [1m[35m (0.1ms)[0m  [1m[34mSELECT sqlite_version(*)[0m
  ↳ bin/rails:9
  [1m[35m (10.9ms)[0m  [1m[35mCREATE TABLE "schema_migrations" ("version" varchar NOT NULL PRIMARY KEY)[0m
  ↳ bin/rails:9
  [1m[35m (6.5ms)[0m  [1m[35mCREATE TABLE "ar_internal_metadata" ("key" varchar NOT NULL PRIMARY KEY, "value" varchar, "created_at" datetime NOT NULL, "updated_at" datetime NOT NULL)[0m
  ↳ bin/rails:9
  [1m[35m (0.1ms)[0m  [1m[34mSELECT "schema_migrations"."version" FROM "schema_migrations" ORDER BY "schema_migrations"."version" ASC[0m
  ↳ bin/rails:9
Migrating to DeviseCreateCustomers (20210914052433)
  [1m[35m (0.0ms)[0m  [1m[36mbegin transaction[0m
  ↳ bin/rails:9
  [1m[35m (2.2ms)[0m  [1m[35mCREATE TABLE "customers" ("id" integer PRIMARY KEY AUTOINCREMENT NOT NULL, "email" varchar DEFAULT '' NOT NULL, "encrypted_password" varchar DEFAULT '' NOT NULL, "last_name" varchar, "first_name" varchar, "last_name_kana" varchar, "first_name_kana" varchar, "postcode" varchar, "address" varchar, "phone_number" varchar, "is_deleted" boolean DEFAULT 0, "reset_password_token" varchar, "reset_password_sent_at" datetime, "remember_created_at" datetime, "created_at" datetime NOT NULL, "updated_at" datetime NOT NULL)[0m
  ↳ db/migrate/20210914052433_devise_create_customers.rb:5
  [1m[35m (0.2ms)[0m  [1m[35mCREATE UNIQUE INDEX "index_customers_on_email" ON "customers" ("email")[0m
  ↳ db/migrate/20210914052433_devise_create_customers.rb:47
  [1m[35m (0.1ms)[0m  [1m[35mCREATE UNIQUE INDEX "index_customers_on_reset_password_token" ON "customers" ("reset_password_token")[0m
  ↳ db/migrate/20210914052433_devise_create_customers.rb:48
  [1m[36mActiveRecord::SchemaMigration Create (0.1ms)[0m  [1m[32mINSERT INTO "schema_migrations" ("version") VALUES (?)[0m  [["version", "20210914052433"]]
  ↳ bin/rails:9
  [1m[35m (5.6ms)[0m  [1m[36mcommit transaction[0m
  ↳ bin/rails:9
Migrating to CreateDeliveryPlaces (20210914053130)
  [1m[35m (0.0ms)[0m  [1m[36mbegin transaction[0m
  ↳ bin/rails:9
  [1m[35m (0.5ms)[0m  [1m[35mCREATE TABLE "delivery_places" ("id" integer PRIMARY KEY AUTOINCREMENT NOT NULL, "customer_id" integer, "addressee" varchar, "postcode" varchar, "address" varchar, "created_at" datetime NOT NULL, "updated_at" datetime NOT NULL)[0m
  ↳ db/migrate/20210914053130_create_delivery_places.rb:3
  [1m[36mActiveRecord::SchemaMigration Create (0.1ms)[0m  [1m[32mINSERT INTO "schema_migrations" ("version") VALUES (?)[0m  [["version", "20210914053130"]]
  ↳ bin/rails:9
  [1m[35m (6.5ms)[0m  [1m[36mcommit transaction[0m
  ↳ bin/rails:9
Migrating to CreateCartItems (20210914053452)
  [1m[35m (0.0ms)[0m  [1m[36mbegin transaction[0m
  ↳ bin/rails:9
  [1m[35m (0.2ms)[0m  [1m[35mCREATE TABLE "cart_items" ("id" integer PRIMARY KEY AUTOINCREMENT NOT NULL, "customer_id" integer, "item_id" integer, "count" integer, "created_at" datetime NOT NULL, "updated_at" datetime NOT NULL)[0m
  ↳ db/migrate/20210914053452_create_cart_items.rb:3
  [1m[36mActiveRecord::SchemaMigration Create (0.1ms)[0m  [1m[32mINSERT INTO "schema_migrations" ("version") VALUES (?)[0m  [["version", "20210914053452"]]
  ↳ bin/rails:9
  [1m[35m (5.1ms)[0m  [1m[36mcommit transaction[0m
  ↳ bin/rails:9
Migrating to DeviseCreateAdmins (20210914053816)
  [1m[35m (0.1ms)[0m  [1m[36mbegin transaction[0m
  ↳ bin/rails:9
  [1m[35m (0.8ms)[0m  [1m[35mCREATE TABLE "admins" ("id" integer PRIMARY KEY AUTOINCREMENT NOT NULL, "email" varchar DEFAULT '' NOT NULL, "encrypted_password" varchar DEFAULT '' NOT NULL, "reset_password_token" varchar, "reset_password_sent_at" datetime, "remember_created_at" datetime, "created_at" datetime NOT NULL, "updated_at" datetime NOT NULL)[0m
  ↳ db/migrate/20210914053816_devise_create_admins.rb:5
  [1m[35m (0.2ms)[0m  [1m[35mCREATE UNIQUE INDEX "index_admins_on_email" ON "admins" ("email")[0m
  ↳ db/migrate/20210914053816_devise_create_admins.rb:39
  [1m[35m (0.1ms)[0m  [1m[35mCREATE UNIQUE INDEX "index_admins_on_reset_password_token" ON "admins" ("reset_password_token")[0m
  ↳ db/migrate/20210914053816_devise_create_admins.rb:40
  [1m[36mActiveRecord::SchemaMigration Create (0.1ms)[0m  [1m[32mINSERT INTO "schema_migrations" ("version") VALUES (?)[0m  [["version", "20210914053816"]]
  ↳ bin/rails:9
  [1m[35m (5.2ms)[0m  [1m[36mcommit transaction[0m
  ↳ bin/rails:9
Migrating to CreateItems (20210914055943)
  [1m[35m (0.0ms)[0m  [1m[36mbegin transaction[0m
  ↳ bin/rails:9
  [1m[35m (0.7ms)[0m  [1m[35mCREATE TABLE "items" ("id" integer PRIMARY KEY AUTOINCREMENT NOT NULL, "genre_id" integer, "name" varchar, "description" text, "price" integer, "is_active" boolean DEFAULT 1, "image_id" varchar, "created_at" datetime NOT NULL, "updated_at" datetime NOT NULL)[0m
  ↳ db/migrate/20210914055943_create_items.rb:3
  [1m[36mActiveRecord::SchemaMigration Create (0.1ms)[0m  [1m[32mINSERT INTO "schema_migrations" ("version") VALUES (?)[0m  [["version", "20210914055943"]]
  ↳ bin/rails:9
  [1m[35m (7.0ms)[0m  [1m[36mcommit transaction[0m
  ↳ bin/rails:9
  [1m[36mActiveRecord::InternalMetadata Load (0.1ms)[0m  [1m[34mSELECT  "ar_internal_metadata".* FROM "ar_internal_metadata" WHERE "ar_internal_metadata"."key" = ? LIMIT ?[0m  [["key", "environment"], ["LIMIT", 1]]
  ↳ bin/rails:9
  [1m[35m (0.0ms)[0m  [1m[36mbegin transaction[0m
  ↳ bin/rails:9
  [1m[36mActiveRecord::InternalMetadata Create (0.6ms)[0m  [1m[32mINSERT INTO "ar_internal_metadata" ("key", "value", "created_at", "updated_at") VALUES (?, ?, ?, ?)[0m  [["key", "environment"], ["value", "development"], ["created_at", "2021-09-14 06:00:16.320902"], ["updated_at", "2021-09-14 06:00:16.320902"]]
  ↳ bin/rails:9
  [1m[35m (4.6ms)[0m  [1m[36mcommit transaction[0m
  ↳ bin/rails:9
  [1m[35m (0.1ms)[0m  [1m[34mSELECT "schema_migrations"."version" FROM "schema_migrations" ORDER BY "schema_migrations"."version" ASC[0m
  ↳ bin/rails:9
  [1m[35m (0.1ms)[0m  [1m[34mSELECT "schema_migrations"."version" FROM "schema_migrations" ORDER BY "schema_migrations"."version" ASC[0m
  ↳ bin/rails:9
Migrating to CreateGenres (20210914060110)
  [1m[35m (0.0ms)[0m  [1m[36mbegin transaction[0m
  ↳ bin/rails:9
  [1m[35m (0.1ms)[0m  [1m[34mSELECT sqlite_version(*)[0m
  ↳ db/migrate/20210914060110_create_genres.rb:3
  [1m[35m (1.4ms)[0m  [1m[35mCREATE TABLE "genres" ("id" integer PRIMARY KEY AUTOINCREMENT NOT NULL, "name" varchar, "created_at" datetime NOT NULL, "updated_at" datetime NOT NULL)[0m
  ↳ db/migrate/20210914060110_create_genres.rb:3
  [1m[36mActiveRecord::SchemaMigration Create (0.1ms)[0m  [1m[32mINSERT INTO "schema_migrations" ("version") VALUES (?)[0m  [["version", "20210914060110"]]
  ↳ bin/rails:9
  [1m[35m (7.1ms)[0m  [1m[36mcommit transaction[0m
  ↳ bin/rails:9
  [1m[36mActiveRecord::InternalMetadata Load (0.1ms)[0m  [1m[34mSELECT  "ar_internal_metadata".* FROM "ar_internal_metadata" WHERE "ar_internal_metadata"."key" = ? LIMIT ?[0m  [["key", "environment"], ["LIMIT", 1]]
  ↳ bin/rails:9
  [1m[35m (0.0ms)[0m  [1m[36mbegin transaction[0m
  ↳ bin/rails:9
  [1m[35m (0.0ms)[0m  [1m[36mcommit transaction[0m
  ↳ bin/rails:9
  [1m[35m (0.1ms)[0m  [1m[34mSELECT "schema_migrations"."version" FROM "schema_migrations" ORDER BY "schema_migrations"."version" ASC[0m
  ↳ bin/rails:9
  [1m[35m (0.2ms)[0m  [1m[34mSELECT "schema_migrations"."version" FROM "schema_migrations" ORDER BY "schema_migrations"."version" ASC[0m
  ↳ bin/rails:9
Migrating to CreateOrders (20210914073748)
  [1m[35m (0.0ms)[0m  [1m[36mbegin transaction[0m
  ↳ bin/rails:9
  [1m[35m (0.1ms)[0m  [1m[34mSELECT sqlite_version(*)[0m
  ↳ db/migrate/20210914073748_create_orders.rb:3
  [1m[35m (2.0ms)[0m  [1m[35mCREATE TABLE "orders" ("id" integer PRIMARY KEY AUTOINCREMENT NOT NULL, "created_at" datetime NOT NULL, "updated_at" datetime NOT NULL, "customer_id" integer, "total_price" integer, "payment_method" integer DEFAULT 0, "postage" integer, "addressee" varchar, "postcode" varchar, "address" varchar, "status" integer DEFAULT 0)[0m
  ↳ db/migrate/20210914073748_create_orders.rb:3
  [1m[36mActiveRecord::SchemaMigration Create (0.1ms)[0m  [1m[32mINSERT INTO "schema_migrations" ("version") VALUES (?)[0m  [["version", "20210914073748"]]
  ↳ bin/rails:9
  [1m[35m (10.4ms)[0m  [1m[36mcommit transaction[0m
  ↳ bin/rails:9
  [1m[36mActiveRecord::InternalMetadata Load (0.2ms)[0m  [1m[34mSELECT  "ar_internal_metadata".* FROM "ar_internal_metadata" WHERE "ar_internal_metadata"."key" = ? LIMIT ?[0m  [["key", "environment"], ["LIMIT", 1]]
  ↳ bin/rails:9
  [1m[35m (0.0ms)[0m  [1m[36mbegin transaction[0m
  ↳ bin/rails:9
  [1m[35m (0.0ms)[0m  [1m[36mcommit transaction[0m
  ↳ bin/rails:9
  [1m[35m (0.1ms)[0m  [1m[34mSELECT "schema_migrations"."version" FROM "schema_migrations" ORDER BY "schema_migrations"."version" ASC[0m
  ↳ bin/rails:9
  [1m[35m (0.1ms)[0m  [1m[34mSELECT "schema_migrations"."version" FROM "schema_migrations" ORDER BY "schema_migrations"."version" ASC[0m
  ↳ bin/rails:9
Migrating to CreateOrderItems (20210914074133)
  [1m[35m (0.0ms)[0m  [1m[36mbegin transaction[0m
  ↳ bin/rails:9
  [1m[35m (0.1ms)[0m  [1m[34mSELECT sqlite_version(*)[0m
  ↳ db/migrate/20210914074133_create_order_items.rb:3
  [1m[35m (1.6ms)[0m  [1m[35mCREATE TABLE "order_items" ("id" integer PRIMARY KEY AUTOINCREMENT NOT NULL, "created_at" datetime NOT NULL, "updated_at" datetime NOT NULL, "order_id" integer, "item_id" integer, "count" integer, "price" integer, "status" integer DEFAULT 0)[0m
  ↳ db/migrate/20210914074133_create_order_items.rb:3
  [1m[36mActiveRecord::SchemaMigration Create (0.1ms)[0m  [1m[32mINSERT INTO "schema_migrations" ("version") VALUES (?)[0m  [["version", "20210914074133"]]
  ↳ bin/rails:9
  [1m[35m (8.7ms)[0m  [1m[36mcommit transaction[0m
  ↳ bin/rails:9
  [1m[36mActiveRecord::InternalMetadata Load (0.2ms)[0m  [1m[34mSELECT  "ar_internal_metadata".* FROM "ar_internal_metadata" WHERE "ar_internal_metadata"."key" = ? LIMIT ?[0m  [["key", "environment"], ["LIMIT", 1]]
  ↳ bin/rails:9
  [1m[35m (0.0ms)[0m  [1m[36mbegin transaction[0m
  ↳ bin/rails:9
  [1m[35m (0.0ms)[0m  [1m[36mcommit transaction[0m
  ↳ bin/rails:9
  [1m[35m (0.1ms)[0m  [1m[34mSELECT "schema_migrations"."version" FROM "schema_migrations" ORDER BY "schema_migrations"."version" ASC[0m
  ↳ bin/rails:9

  [1m[35m (0.1ms)[0m  [1m[36mbegin transaction[0m
  [1m[35m (0.1ms)[0m  [1m[31mrollback transaction[0m
  [1m[35m (0.0ms)[0m  [1m[36mbegin transaction[0m
  [1m[36mGenre Create (4.5ms)[0m  [1m[32mINSERT INTO "genres" ("name", "created_at", "updated_at") VALUES (?, ?, ?)[0m  [["name", "ケーキ"], ["created_at", "2021-09-15 06:56:05.333308"], ["updated_at", "2021-09-15 06:56:05.333308"]]
  [1m[35m (4.9ms)[0m  [1m[36mcommit transaction[0m
  [1m[35m (0.2ms)[0m  [1m[36mbegin transaction[0m
  [1m[36mGenre Create (1.2ms)[0m  [1m[32mINSERT INTO "genres" ("name", "created_at", "updated_at") VALUES (?, ?, ?)[0m  [["name", "焼き菓子"], ["created_at", "2021-09-15 06:56:20.341865"], ["updated_at", "2021-09-15 06:56:20.341865"]]
  [1m[35m (21.4ms)[0m  [1m[36mcommit transaction[0m
  [1m[35m (0.1ms)[0m  [1m[36mbegin transaction[0m
  [1m[36mGenre Create (0.9ms)[0m  [1m[32mINSERT INTO "genres" ("name", "created_at", "updated_at") VALUES (?, ?, ?)[0m  [["name", "プリン"], ["created_at", "2021-09-15 06:56:29.141008"], ["updated_at", "2021-09-15 06:56:29.141008"]]
  [1m[35m (8.0ms)[0m  [1m[36mcommit transaction[0m
  [1m[35m (0.1ms)[0m  [1m[36mbegin transaction[0m
  [1m[36mGenre Create (0.9ms)[0m  [1m[32mINSERT INTO "genres" ("name", "created_at", "updated_at") VALUES (?, ?, ?)[0m  [["name", "キャンディ"], ["created_at", "2021-09-15 06:56:40.093961"], ["updated_at", "2021-09-15 06:56:40.093961"]]
  [1m[35m (7.6ms)[0m  [1m[36mcommit transaction[0m
  [1m[35m (0.1ms)[0m  [1m[36mbegin transaction[0m
  [1m[36mGenre Load (0.2ms)[0m  [1m[34mSELECT  "genres".* FROM "genres" WHERE "genres"."id" = ? LIMIT ?[0m  [["id", 1], ["LIMIT", 1]]
  [1m[36mItem Create (0.7ms)[0m  [1m[32mINSERT INTO "items" ("genre_id", "name", "description", "price", "created_at", "updated_at") VALUES (?, ?, ?, ?, ?, ?)[0m  [["genre_id", 1], ["name", "いちごのショートケーキ"], ["description", "いちごのショートケーキです"], ["price", 360], ["created_at", "2021-09-15 06:57:20.772951"], ["updated_at", "2021-09-15 06:57:20.772951"]]
  [1m[35m (7.4ms)[0m  [1m[36mcommit transaction[0m
  [1m[35m (0.1ms)[0m  [1m[36mbegin transaction[0m
  [1m[36mGenre Load (0.1ms)[0m  [1m[34mSELECT  "genres".* FROM "genres" WHERE "genres"."id" = ? LIMIT ?[0m  [["id", 1], ["LIMIT", 1]]
  [1m[36mItem Create (1.5ms)[0m  [1m[32mINSERT INTO "items" ("genre_id", "name", "description", "price", "created_at", "updated_at") VALUES (?, ?, ?, ?, ?, ?)[0m  [["genre_id", 1], ["name", "チョコレートケーキ"], ["description", "チョコレートケーキです"], ["price", 380], ["created_at", "2021-09-15 06:58:25.248041"], ["updated_at", "2021-09-15 06:58:25.248041"]]
  [1m[35m (5.5ms)[0m  [1m[36mcommit transaction[0m
  [1m[35m (0.1ms)[0m  [1m[36mbegin transaction[0m
  [1m[36mGenre Load (0.1ms)[0m  [1m[34mSELECT  "genres".* FROM "genres" WHERE "genres"."id" = ? LIMIT ?[0m  [["id", 1], ["LIMIT", 1]]
  [1m[36mItem Create (1.1ms)[0m  [1m[32mINSERT INTO "items" ("genre_id", "name", "description", "price", "created_at", "updated_at") VALUES (?, ?, ?, ?, ?, ?)[0m  [["genre_id", 1], ["name", "チーズケーキ"], ["description", "チーズケーキです"], ["price", 3600], ["created_at", "2021-09-15 06:59:03.481094"], ["updated_at", "2021-09-15 06:59:03.481094"]]
  [1m[35m (5.3ms)[0m  [1m[36mcommit transaction[0m
  [1m[35m (0.1ms)[0m  [1m[36mbegin transaction[0m
  [1m[36mGenre Load (0.1ms)[0m  [1m[34mSELECT  "genres".* FROM "genres" WHERE "genres"."id" = ? LIMIT ?[0m  [["id", 1], ["LIMIT", 1]]
  [1m[36mItem Create (1.3ms)[0m  [1m[32mINSERT INTO "items" ("genre_id", "name", "description", "price", "created_at", "updated_at") VALUES (?, ?, ?, ?, ?, ?)[0m  [["genre_id", 1], ["name", "オペラ"], ["description", "オペラです"], ["price", 3600], ["created_at", "2021-09-15 06:59:59.924623"], ["updated_at", "2021-09-15 06:59:59.924623"]]
  [1m[35m (5.5ms)[0m  [1m[36mcommit transaction[0m
  [1m[35m (0.1ms)[0m  [1m[36mbegin transaction[0m
  [1m[36mGenre Load (0.1ms)[0m  [1m[34mSELECT  "genres".* FROM "genres" WHERE "genres"."id" = ? LIMIT ?[0m  [["id", 1], ["LIMIT", 1]]
  [1m[36mItem Create (1.9ms)[0m  [1m[32mINSERT INTO "items" ("genre_id", "name", "description", "price", "created_at", "updated_at") VALUES (?, ?, ?, ?, ?, ?)[0m  [["genre_id", 1], ["name", "モンブランです"], ["description", "モンブランです"], ["price", 360], ["created_at", "2021-09-15 07:01:16.459454"], ["updated_at", "2021-09-15 07:01:16.459454"]]
  [1m[35m (4.6ms)[0m  [1m[36mcommit transaction[0m
  [1m[35m (0.1ms)[0m  [1m[36mbegin transaction[0m
  [1m[36mGenre Load (0.1ms)[0m  [1m[34mSELECT  "genres".* FROM "genres" WHERE "genres"."id" = ? LIMIT ?[0m  [["id", 1], ["LIMIT", 1]]
  [1m[36mItem Create (1.6ms)[0m  [1m[32mINSERT INTO "items" ("genre_id", "name", "description", "price", "created_at", "updated_at") VALUES (?, ?, ?, ?, ?, ?)[0m  [["genre_id", 1], ["name", "ロールケーキです"], ["description", "ロールケーキです"], ["price", 280], ["created_at", "2021-09-15 07:01:57.571887"], ["updated_at", "2021-09-15 07:01:57.571887"]]
  [1m[35m (6.7ms)[0m  [1m[36mcommit transaction[0m
  [1m[35m (0.1ms)[0m  [1m[36mbegin transaction[0m
  [1m[36mGenre Load (0.1ms)[0m  [1m[34mSELECT  "genres".* FROM "genres" WHERE "genres"."id" = ? LIMIT ?[0m  [["id", 1], ["LIMIT", 1]]
  [1m[36mItem Create (1.7ms)[0m  [1m[32mINSERT INTO "items" ("genre_id", "name", "description", "price", "created_at", "updated_at") VALUES (?, ?, ?, ?, ?, ?)[0m  [["genre_id", 1], ["name", "フルーツケーキです"], ["description", "フルーツケーキです"], ["price", 390], ["created_at", "2021-09-15 07:02:34.435319"], ["updated_at", "2021-09-15 07:02:34.435319"]]
  [1m[35m (5.5ms)[0m  [1m[36mcommit transaction[0m
  [1m[35m (0.1ms)[0m  [1m[36mbegin transaction[0m
  [1m[36mGenre Load (0.1ms)[0m  [1m[34mSELECT  "genres".* FROM "genres" WHERE "genres"."id" = ? LIMIT ?[0m  [["id", 2], ["LIMIT", 1]]
  [1m[36mItem Create (1.7ms)[0m  [1m[32mINSERT INTO "items" ("genre_id", "name", "description", "price", "created_at", "updated_at") VALUES (?, ?, ?, ?, ?, ?)[0m  [["genre_id", 2], ["name", "アップルパイです"], ["description", "アップルパイです"], ["price", 350], ["created_at", "2021-09-15 07:04:10.480339"], ["updated_at", "2021-09-15 07:04:10.480339"]]
  [1m[35m (5.4ms)[0m  [1m[36mcommit transaction[0m
  [1m[35m (0.1ms)[0m  [1m[36mbegin transaction[0m
  [1m[36mGenre Load (0.1ms)[0m  [1m[34mSELECT  "genres".* FROM "genres" WHERE "genres"."id" = ? LIMIT ?[0m  [["id", 1], ["LIMIT", 1]]
  [1m[36mItem Create (1.6ms)[0m  [1m[32mINSERT INTO "items" ("genre_id", "name", "description", "price", "created_at", "updated_at") VALUES (?, ?, ?, ?, ?, ?)[0m  [["genre_id", 1], ["name", "フォレノワールです"], ["description", "フォレノワールです"], ["price", 380], ["created_at", "2021-09-15 07:04:58.760079"], ["updated_at", "2021-09-15 07:04:58.760079"]]
  [1m[35m (4.9ms)[0m  [1m[36mcommit transaction[0m
Started GET "/" for 125.196.131.128 at 2021-09-15 07:08:01 +0000
Cannot render console from 125.196.131.128! Allowed networks: 127.0.0.1, ::1, 127.0.0.0/127.255.255.255
  [1m[35m (0.2ms)[0m  [1m[34mSELECT "schema_migrations"."version" FROM "schema_migrations" ORDER BY "schema_migrations"."version" ASC[0m
  ↳ /home/ec2-user/.rvm/gems/ruby-2.6.3/gems/activerecord-5.2.6/lib/active_record/log_subscriber.rb:98
Processing by HomesController#top as HTML
  Rendering homes/top.html.erb within layouts/application
  Rendered homes/top.html.erb within layouts/application (3.1ms)
Started GET "/" for 125.196.131.128 at 2021-09-15 07:08:02 +0000
Cannot render console from 125.196.131.128! Allowed networks: 127.0.0.1, ::1, 127.0.0.0/127.255.255.255
Processing by HomesController#top as HTML
  Rendering homes/top.html.erb within layouts/application
  Rendered homes/top.html.erb within layouts/application (0.5ms)
Completed 200 OK in 29644ms (Views: 29622.7ms | ActiveRecord: 0.0ms)


Completed 200 OK in 28243ms (Views: 28241.7ms | ActiveRecord: 0.0ms)


Started GET "/items" for 125.196.131.128 at 2021-09-15 07:08:44 +0000
Cannot render console from 125.196.131.128! Allowed networks: 127.0.0.1, ::1, 127.0.0.0/127.255.255.255
  
LoadError (Unable to autoload constant ItemsController, expected /home/ec2-user/environment/webcamp-naganoCake/app/controllers/items_controller.rb to define it):
  
activesupport (5.2.6) lib/active_support/dependencies.rb:511:in `load_missing_constant'
activesupport (5.2.6) lib/active_support/dependencies.rb:195:in `const_missing'
activesupport (5.2.6) lib/active_support/inflector/methods.rb:283:in `const_get'
activesupport (5.2.6) lib/active_support/inflector/methods.rb:283:in `block in constantize'
activesupport (5.2.6) lib/active_support/inflector/methods.rb:281:in `each'
activesupport (5.2.6) lib/active_support/inflector/methods.rb:281:in `inject'
activesupport (5.2.6) lib/active_support/inflector/methods.rb:281:in `constantize'
activesupport (5.2.6) lib/active_support/dependencies.rb:582:in `get'
activesupport (5.2.6) lib/active_support/dependencies.rb:613:in `constantize'
actionpack (5.2.6) lib/action_dispatch/http/request.rb:88:in `controller_class_for'
actionpack (5.2.6) lib/action_dispatch/http/parameters.rb:101:in `binary_params_for?'
actionpack (5.2.6) lib/action_dispatch/http/parameters.rb:92:in `set_binary_encoding'
actionpack (5.2.6) lib/action_dispatch/http/parameters.rb:69:in `path_parameters='
actionpack (5.2.6) lib/action_dispatch/journey/router.rb:50:in `block in serve'
actionpack (5.2.6) lib/action_dispatch/journey/router.rb:35:in `each'
actionpack (5.2.6) lib/action_dispatch/journey/router.rb:35:in `serve'
actionpack (5.2.6) lib/action_dispatch/routing/route_set.rb:840:in `call'
warden (1.2.9) lib/warden/manager.rb:36:in `block in call'
warden (1.2.9) lib/warden/manager.rb:34:in `catch'
warden (1.2.9) lib/warden/manager.rb:34:in `call'
rack (2.2.3) lib/rack/tempfile_reaper.rb:15:in `call'
rack (2.2.3) lib/rack/etag.rb:27:in `call'
rack (2.2.3) lib/rack/conditional_get.rb:27:in `call'
rack (2.2.3) lib/rack/head.rb:12:in `call'
actionpack (5.2.6) lib/action_dispatch/http/content_security_policy.rb:18:in `call'
rack (2.2.3) lib/rack/session/abstract/id.rb:266:in `context'
rack (2.2.3) lib/rack/session/abstract/id.rb:260:in `call'
actionpack (5.2.6) lib/action_dispatch/middleware/cookies.rb:670:in `call'
activerecord (5.2.6) lib/active_record/migration.rb:559:in `call'
actionpack (5.2.6) lib/action_dispatch/middleware/callbacks.rb:28:in `block in call'
activesupport (5.2.6) lib/active_support/callbacks.rb:98:in `run_callbacks'
actionpack (5.2.6) lib/action_dispatch/middleware/callbacks.rb:26:in `call'
actionpack (5.2.6) lib/action_dispatch/middleware/executor.rb:14:in `call'
actionpack (5.2.6) lib/action_dispatch/middleware/debug_exceptions.rb:61:in `call'
web-console (3.7.0) lib/web_console/middleware.rb:135:in `call_app'
web-console (3.7.0) lib/web_console/middleware.rb:22:in `block in call'
web-console (3.7.0) lib/web_console/middleware.rb:20:in `catch'
web-console (3.7.0) lib/web_console/middleware.rb:20:in `call'
actionpack (5.2.6) lib/action_dispatch/middleware/show_exceptions.rb:33:in `call'
railties (5.2.6) lib/rails/rack/logger.rb:38:in `call_app'
railties (5.2.6) lib/rails/rack/logger.rb:26:in `block in call'
activesupport (5.2.6) lib/active_support/tagged_logging.rb:71:in `block in tagged'
activesupport (5.2.6) lib/active_support/tagged_logging.rb:28:in `tagged'
activesupport (5.2.6) lib/active_support/tagged_logging.rb:71:in `tagged'
railties (5.2.6) lib/rails/rack/logger.rb:26:in `call'
sprockets-rails (3.2.2) lib/sprockets/rails/quiet_assets.rb:13:in `call'
actionpack (5.2.6) lib/action_dispatch/middleware/remote_ip.rb:81:in `call'
actionpack (5.2.6) lib/action_dispatch/middleware/request_id.rb:27:in `call'
rack (2.2.3) lib/rack/method_override.rb:24:in `call'
rack (2.2.3) lib/rack/runtime.rb:22:in `call'
activesupport (5.2.6) lib/active_support/cache/strategy/local_cache_middleware.rb:29:in `call'
actionpack (5.2.6) lib/action_dispatch/middleware/executor.rb:14:in `call'
actionpack (5.2.6) lib/action_dispatch/middleware/static.rb:127:in `call'
rack (2.2.3) lib/rack/sendfile.rb:110:in `call'
railties (5.2.6) lib/rails/engine.rb:524:in `call'
puma (3.12.6) lib/puma/configuration.rb:227:in `call'
puma (3.12.6) lib/puma/server.rb:706:in `handle_request'
puma (3.12.6) lib/puma/server.rb:476:in `process_client'
puma (3.12.6) lib/puma/server.rb:334:in `block in run'
puma (3.12.6) lib/puma/thread_pool.rb:135:in `block in spawn_thread'
Started GET "/items" for 125.196.131.128 at 2021-09-15 07:21:25 +0000
Cannot render console from 125.196.131.128! Allowed networks: 127.0.0.1, ::1, 127.0.0.0/127.255.255.255
Processing by ItemsController#index as HTML
Completed 500 Internal Server Error in 122ms (ActiveRecord: 0.0ms)


  
NoMethodError (undefined method `authenticate_user!' for #<ItemsController:0x00007fc279fe6350>
Did you mean?  authenticate_customer!
               authenticate_admin!):
  
activesupport (5.2.6) lib/active_support/callbacks.rb:426:in `block in make_lambda'
activesupport (5.2.6) lib/active_support/callbacks.rb:179:in `block (2 levels) in halting_and_conditional'
actionpack (5.2.6) lib/abstract_controller/callbacks.rb:34:in `block (2 levels) in <module:Callbacks>'
activesupport (5.2.6) lib/active_support/callbacks.rb:180:in `block in halting_and_conditional'
activesupport (5.2.6) lib/active_support/callbacks.rb:513:in `block in invoke_before'
activesupport (5.2.6) lib/active_support/callbacks.rb:513:in `each'
activesupport (5.2.6) lib/active_support/callbacks.rb:513:in `invoke_before'
activesupport (5.2.6) lib/active_support/callbacks.rb:131:in `run_callbacks'
actionpack (5.2.6) lib/abstract_controller/callbacks.rb:41:in `process_action'
actionpack (5.2.6) lib/action_controller/metal/rescue.rb:22:in `process_action'
actionpack (5.2.6) lib/action_controller/metal/instrumentation.rb:34:in `block in process_action'
activesupport (5.2.6) lib/active_support/notifications.rb:168:in `block in instrument'
activesupport (5.2.6) lib/active_support/notifications/instrumenter.rb:23:in `instrument'
activesupport (5.2.6) lib/active_support/notifications.rb:168:in `instrument'
actionpack (5.2.6) lib/action_controller/metal/instrumentation.rb:32:in `process_action'
actionpack (5.2.6) lib/action_controller/metal/params_wrapper.rb:256:in `process_action'
activerecord (5.2.6) lib/active_record/railties/controller_runtime.rb:24:in `process_action'
actionpack (5.2.6) lib/abstract_controller/base.rb:134:in `process'
actionview (5.2.6) lib/action_view/rendering.rb:32:in `process'
actionpack (5.2.6) lib/action_controller/metal.rb:191:in `dispatch'
actionpack (5.2.6) lib/action_controller/metal.rb:252:in `dispatch'
actionpack (5.2.6) lib/action_dispatch/routing/route_set.rb:52:in `dispatch'
actionpack (5.2.6) lib/action_dispatch/routing/route_set.rb:34:in `serve'
actionpack (5.2.6) lib/action_dispatch/journey/router.rb:52:in `block in serve'
actionpack (5.2.6) lib/action_dispatch/journey/router.rb:35:in `each'
actionpack (5.2.6) lib/action_dispatch/journey/router.rb:35:in `serve'
actionpack (5.2.6) lib/action_dispatch/routing/route_set.rb:840:in `call'
warden (1.2.9) lib/warden/manager.rb:36:in `block in call'
warden (1.2.9) lib/warden/manager.rb:34:in `catch'
warden (1.2.9) lib/warden/manager.rb:34:in `call'
rack (2.2.3) lib/rack/tempfile_reaper.rb:15:in `call'
rack (2.2.3) lib/rack/etag.rb:27:in `call'
rack (2.2.3) lib/rack/conditional_get.rb:27:in `call'
rack (2.2.3) lib/rack/head.rb:12:in `call'
actionpack (5.2.6) lib/action_dispatch/http/content_security_policy.rb:18:in `call'
rack (2.2.3) lib/rack/session/abstract/id.rb:266:in `context'
rack (2.2.3) lib/rack/session/abstract/id.rb:260:in `call'
actionpack (5.2.6) lib/action_dispatch/middleware/cookies.rb:670:in `call'
activerecord (5.2.6) lib/active_record/migration.rb:559:in `call'
actionpack (5.2.6) lib/action_dispatch/middleware/callbacks.rb:28:in `block in call'
activesupport (5.2.6) lib/active_support/callbacks.rb:98:in `run_callbacks'
actionpack (5.2.6) lib/action_dispatch/middleware/callbacks.rb:26:in `call'
actionpack (5.2.6) lib/action_dispatch/middleware/executor.rb:14:in `call'
actionpack (5.2.6) lib/action_dispatch/middleware/debug_exceptions.rb:61:in `call'
web-console (3.7.0) lib/web_console/middleware.rb:135:in `call_app'
web-console (3.7.0) lib/web_console/middleware.rb:22:in `block in call'
web-console (3.7.0) lib/web_console/middleware.rb:20:in `catch'
web-console (3.7.0) lib/web_console/middleware.rb:20:in `call'
actionpack (5.2.6) lib/action_dispatch/middleware/show_exceptions.rb:33:in `call'
railties (5.2.6) lib/rails/rack/logger.rb:38:in `call_app'
railties (5.2.6) lib/rails/rack/logger.rb:26:in `block in call'
activesupport (5.2.6) lib/active_support/tagged_logging.rb:71:in `block in tagged'
activesupport (5.2.6) lib/active_support/tagged_logging.rb:28:in `tagged'
activesupport (5.2.6) lib/active_support/tagged_logging.rb:71:in `tagged'
railties (5.2.6) lib/rails/rack/logger.rb:26:in `call'
sprockets-rails (3.2.2) lib/sprockets/rails/quiet_assets.rb:13:in `call'
actionpack (5.2.6) lib/action_dispatch/middleware/remote_ip.rb:81:in `call'
actionpack (5.2.6) lib/action_dispatch/middleware/request_id.rb:27:in `call'
rack (2.2.3) lib/rack/method_override.rb:24:in `call'
rack (2.2.3) lib/rack/runtime.rb:22:in `call'
activesupport (5.2.6) lib/active_support/cache/strategy/local_cache_middleware.rb:29:in `call'
actionpack (5.2.6) lib/action_dispatch/middleware/executor.rb:14:in `call'
actionpack (5.2.6) lib/action_dispatch/middleware/static.rb:127:in `call'
rack (2.2.3) lib/rack/sendfile.rb:110:in `call'
railties (5.2.6) lib/rails/engine.rb:524:in `call'
puma (3.12.6) lib/puma/configuration.rb:227:in `call'
puma (3.12.6) lib/puma/server.rb:706:in `handle_request'
puma (3.12.6) lib/puma/server.rb:476:in `process_client'
puma (3.12.6) lib/puma/server.rb:334:in `block in run'
puma (3.12.6) lib/puma/thread_pool.rb:135:in `block in spawn_thread'
Started GET "/items" for 125.196.131.128 at 2021-09-15 07:25:38 +0000
Cannot render console from 125.196.131.128! Allowed networks: 127.0.0.1, ::1, 127.0.0.0/127.255.255.255
Processing by ItemsController#index as HTML
Completed 401 Unauthorized in 17ms (ActiveRecord: 0.0ms)


Started GET "/customers/sign_in" for 125.196.131.128 at 2021-09-15 07:25:38 +0000
Cannot render console from 125.196.131.128! Allowed networks: 127.0.0.1, ::1, 127.0.0.0/127.255.255.255
Processing by Customers::SessionsController#new as HTML
  Rendering customers/sessions/new.html.erb within layouts/application
  Rendered customers/shared/_links.html.erb (1.6ms)
  Rendered customers/sessions/new.html.erb within layouts/application (48.3ms)
Completed 200 OK in 316ms (Views: 288.9ms | ActiveRecord: 0.7ms)


Started GET "/items/index" for 125.196.131.128 at 2021-09-15 07:29:29 +0000
Cannot render console from 125.196.131.128! Allowed networks: 127.0.0.1, ::1, 127.0.0.0/127.255.255.255
Processing by ItemsController#show as HTML
  Parameters: {"id"=>"index"}
  [1m[36mItem Load (0.2ms)[0m  [1m[34mSELECT  "items".* FROM "items" WHERE "items"."id" = ? LIMIT ?[0m  [["id", 0], ["LIMIT", 1]]
  ↳ app/controllers/items_controller.rb:7
Completed 404 Not Found in 15ms (ActiveRecord: 0.8ms)


  
ActiveRecord::RecordNotFound (Couldn't find Item with 'id'=index):
  
app/controllers/items_controller.rb:7:in `show'
Started GET "/items" for 125.196.131.128 at 2021-09-15 07:30:08 +0000
Cannot render console from 125.196.131.128! Allowed networks: 127.0.0.1, ::1, 127.0.0.0/127.255.255.255
Processing by ItemsController#index as HTML
  Rendering items/index.html.erb within layouts/application
  Rendered items/index.html.erb within layouts/application (0.3ms)
Completed 200 OK in 123ms (Views: 121.6ms | ActiveRecord: 0.0ms)


Started GET "/items" for 125.196.131.128 at 2021-09-15 07:32:31 +0000
Cannot render console from 125.196.131.128! Allowed networks: 127.0.0.1, ::1, 127.0.0.0/127.255.255.255
Processing by ItemsController#index as HTML
  Rendering items/index.html.erb within layouts/application
  [1m[36mItem Load (0.2ms)[0m  [1m[34mSELECT  "items".* FROM "items" LIMIT ? OFFSET ?[0m  [["LIMIT", 11], ["OFFSET", 0]]
  ↳ /home/ec2-user/.rvm/rubies/ruby-2.6.3/lib/ruby/gems/2.6.0/gems/did_you_mean-1.3.0/lib/did_you_mean/core_ext/name_error.rb:8
  [1m[36mCACHE Item Load (0.0ms)[0m  [1m[34mSELECT  "items".* FROM "items" LIMIT ? OFFSET ?[0m  [["LIMIT", 11], ["OFFSET", 0]]
  ↳ /home/ec2-user/.rvm/rubies/ruby-2.6.3/lib/ruby/gems/2.6.0/gems/did_you_mean-1.3.0/lib/did_you_mean/core_ext/name_error.rb:8
  [1m[36mCACHE Item Load (0.0ms)[0m  [1m[34mSELECT  "items".* FROM "items" LIMIT ? OFFSET ?[0m  [["LIMIT", 11], ["OFFSET", 0]]
  ↳ /home/ec2-user/.rvm/rubies/ruby-2.6.3/lib/ruby/gems/2.6.0/gems/did_you_mean-1.3.0/lib/did_you_mean/core_ext/name_error.rb:8
  [1m[36mCACHE Item Load (0.0ms)[0m  [1m[34mSELECT  "items".* FROM "items" LIMIT ? OFFSET ?[0m  [["LIMIT", 11], ["OFFSET", 0]]
  ↳ /home/ec2-user/.rvm/rubies/ruby-2.6.3/lib/ruby/gems/2.6.0/gems/did_you_mean-1.3.0/lib/did_you_mean/core_ext/name_error.rb:8
  [1m[36mCACHE Item Load (0.0ms)[0m  [1m[34mSELECT  "items".* FROM "items" LIMIT ? OFFSET ?[0m  [["LIMIT", 11], ["OFFSET", 0]]
  ↳ /home/ec2-user/.rvm/rubies/ruby-2.6.3/lib/ruby/gems/2.6.0/gems/did_you_mean-1.3.0/lib/did_you_mean/core_ext/name_error.rb:4
  [1m[36mCACHE Item Load (0.0ms)[0m  [1m[34mSELECT  "items".* FROM "items" LIMIT ? OFFSET ?[0m  [["LIMIT", 11], ["OFFSET", 0]]
  ↳ /home/ec2-user/.rvm/rubies/ruby-2.6.3/lib/ruby/gems/2.6.0/gems/did_you_mean-1.3.0/lib/did_you_mean/core_ext/name_error.rb:4
  [1m[36mCACHE Item Load (0.0ms)[0m  [1m[34mSELECT  "items".* FROM "items" LIMIT ? OFFSET ?[0m  [["LIMIT", 11], ["OFFSET", 0]]
  ↳ /home/ec2-user/.rvm/rubies/ruby-2.6.3/lib/ruby/gems/2.6.0/gems/did_you_mean-1.3.0/lib/did_you_mean/core_ext/name_error.rb:4
  [1m[36mCACHE Item Load (0.0ms)[0m  [1m[34mSELECT  "items".* FROM "items" LIMIT ? OFFSET ?[0m  [["LIMIT", 11], ["OFFSET", 0]]
  ↳ /home/ec2-user/.rvm/rubies/ruby-2.6.3/lib/ruby/gems/2.6.0/gems/did_you_mean-1.3.0/lib/did_you_mean/core_ext/name_error.rb:4
  Rendered items/_index.html.erb (405.1ms)
  Rendered items/index.html.erb within layouts/application (407.3ms)
Completed 500 Internal Server Error in 413ms (ActiveRecord: 0.3ms)


  
ActionView::Template::Error (undefined local variable or method `items' for #<#<Class:0x00007fc280123000>:0x00007fc280d5a800>
Did you mean?  item
               @items):
    1: <% items.each do |item| %>
    2:   <div class="card">
    3:     <%= link_to item_path(item) do %>
    4:       <%= attachment_image_tag item, :image, :fill, 50, 50, fallback: "mizuho4141396IMG_7893_TP_V.jpg", class: "card-img-top", alt: "商品イメージ" %>
  
app/views/items/_index.html.erb:1:in `_app_views_items__index_html_erb___1819859068406486740_70236640482900'
app/views/items/index.html.erb:4:in `_app_views_items_index_html_erb___1710490379552930212_70236680935600'
Started GET "/items" for 125.196.131.128 at 2021-09-15 07:32:51 +0000
Cannot render console from 125.196.131.128! Allowed networks: 127.0.0.1, ::1, 127.0.0.0/127.255.255.255
Processing by ItemsController#index as HTML
  Rendering items/index.html.erb within layouts/application
  [1m[36mItem Load (0.2ms)[0m  [1m[34mSELECT  "items".* FROM "items" LIMIT ? OFFSET ?[0m  [["LIMIT", 25], ["OFFSET", 0]]
  ↳ app/views/items/_index.html.erb:1
  Rendered items/_index.html.erb (8.4ms)
  Rendered items/index.html.erb within layouts/application (10.2ms)
Completed 500 Internal Server Error in 15ms (ActiveRecord: 0.2ms)


  
ActionView::Template::Error (undefined method `image' for #<Item:0x00007fc27985f078>
Did you mean?  image_id):
    1: <% items.each do |item| %>
    2:   <div class="card">
    3:     <%= link_to item_path(item) do %>
    4:       <%= attachment_image_tag item, :image, :fill, 50, 50, fallback: "mizuho4141396IMG_7893_TP_V.jpg", class: "card-img-top", alt: "商品イメージ" %>
    5:     <% end %>
    6:     <div class="card-body">
    7:       <h4 class="card-title"><%= link_to item.name, item_path(item) %></h4>
  
app/views/items/_index.html.erb:4:in `block (2 levels) in _app_views_items__index_html_erb___1819859068406486740_70236619581720'
app/views/items/_index.html.erb:3:in `block in _app_views_items__index_html_erb___1819859068406486740_70236619581720'
app/views/items/_index.html.erb:1:in `_app_views_items__index_html_erb___1819859068406486740_70236619581720'
app/views/items/index.html.erb:4:in `_app_views_items_index_html_erb___1710490379552930212_70236623776440'
Started GET "/items" for 125.196.131.128 at 2021-09-15 07:33:05 +0000
Cannot render console from 125.196.131.128! Allowed networks: 127.0.0.1, ::1, 127.0.0.0/127.255.255.255
Processing by ItemsController#index as HTML
  Rendering items/index.html.erb within layouts/application
  [1m[36mItem Load (0.1ms)[0m  [1m[34mSELECT  "items".* FROM "items" LIMIT ? OFFSET ?[0m  [["LIMIT", 25], ["OFFSET", 0]]
  ↳ app/views/items/_index.html.erb:1
  Rendered items/_index.html.erb (294.4ms)
  Rendered items/index.html.erb within layouts/application (297.4ms)
Completed 500 Internal Server Error in 303ms (ActiveRecord: 0.1ms)


  
ActionView::Template::Error (undefined local variable or method `item_id' for #<#<Class:0x00007fc280123000>:0x00000000060ef988>
Did you mean?  item):
    1: <% items.each do |item| %>
    2:   <div class="card">
    3:     <%= link_to item_path(item) do %>
    4:       <%= attachment_image_tag item_id, :image, :fill, 50, 50, fallback: "mizuho4141396IMG_7893_TP_V.jpg", class: "card-img-top", alt: "商品イメージ" %>
    5:     <% end %>
    6:     <div class="card-body">
    7:       <h4 class="card-title"><%= link_to item.name, item_path(item) %></h4>
  
app/views/items/_index.html.erb:4:in `block (2 levels) in _app_views_items__index_html_erb___1819859068406486740_52099080'
app/views/items/_index.html.erb:3:in `block in _app_views_items__index_html_erb___1819859068406486740_52099080'
app/views/items/_index.html.erb:1:in `_app_views_items__index_html_erb___1819859068406486740_52099080'
app/views/items/index.html.erb:4:in `_app_views_items_index_html_erb___1710490379552930212_50975020'
Started GET "/items" for 125.196.131.128 at 2021-09-15 07:33:22 +0000
Cannot render console from 125.196.131.128! Allowed networks: 127.0.0.1, ::1, 127.0.0.0/127.255.255.255
Processing by ItemsController#index as HTML
  Rendering items/index.html.erb within layouts/application
  [1m[36mItem Load (0.2ms)[0m  [1m[34mSELECT  "items".* FROM "items" LIMIT ? OFFSET ?[0m  [["LIMIT", 25], ["OFFSET", 0]]
  ↳ app/views/items/_index.html.erb:1
  Rendered items/_index.html.erb (12.1ms)
  Rendered items/index.html.erb within layouts/application (14.0ms)
Completed 200 OK in 137ms (Views: 136.0ms | ActiveRecord: 0.2ms)


Started GET "/items" for 125.196.131.128 at 2021-09-15 07:34:06 +0000
Cannot render console from 125.196.131.128! Allowed networks: 127.0.0.1, ::1, 127.0.0.0/127.255.255.255
Processing by ItemsController#index as HTML
  Rendering items/index.html.erb within layouts/application
  [1m[36mItem Load (0.2ms)[0m  [1m[34mSELECT  "items".* FROM "items" LIMIT ? OFFSET ?[0m  [["LIMIT", 25], ["OFFSET", 0]]
  ↳ app/views/items/_index.html.erb:1
  Rendered items/_index.html.erb (11.2ms)
  Rendered items/index.html.erb within layouts/application (12.9ms)
Completed 200 OK in 155ms (Views: 154.2ms | ActiveRecord: 0.2ms)


Started GET "/items" for 125.196.131.128 at 2021-09-15 07:35:56 +0000
Cannot render console from 125.196.131.128! Allowed networks: 127.0.0.1, ::1, 127.0.0.0/127.255.255.255
Processing by ItemsController#index as HTML
  Rendering items/index.html.erb within layouts/application
  [1m[36mItem Load (0.1ms)[0m  [1m[34mSELECT  "items".* FROM "items" LIMIT ? OFFSET ?[0m  [["LIMIT", 25], ["OFFSET", 0]]
  ↳ app/views/items/_index.html.erb:1
  Rendered items/_index.html.erb (11.6ms)
  Rendered items/index.html.erb within layouts/application (13.4ms)
Completed 200 OK in 136ms (Views: 134.7ms | ActiveRecord: 0.1ms)


Started GET "/items" for 125.196.131.128 at 2021-09-15 07:37:09 +0000
Cannot render console from 125.196.131.128! Allowed networks: 127.0.0.1, ::1, 127.0.0.0/127.255.255.255
Processing by ItemsController#index as HTML
  Rendering items/index.html.erb within layouts/application
  [1m[36mItem Load (0.1ms)[0m  [1m[34mSELECT  "items".* FROM "items" LIMIT ? OFFSET ?[0m  [["LIMIT", 25], ["OFFSET", 0]]
  ↳ app/views/items/_index.html.erb:2
  Rendered items/_index.html.erb (17.6ms)
  Rendered items/index.html.erb within layouts/application (22.2ms)
Completed 200 OK in 145ms (Views: 143.6ms | ActiveRecord: 0.1ms)


Started GET "/items" for 125.196.131.128 at 2021-09-15 07:39:10 +0000
Cannot render console from 125.196.131.128! Allowed networks: 127.0.0.1, ::1, 127.0.0.0/127.255.255.255
Processing by ItemsController#index as HTML
  Rendering items/index.html.erb within layouts/application
  [1m[36mItem Load (0.1ms)[0m  [1m[34mSELECT  "items".* FROM "items" LIMIT ? OFFSET ?[0m  [["LIMIT", 25], ["OFFSET", 0]]
  ↳ app/views/items/_index.html.erb:2
  Rendered items/_index.html.erb (10.4ms)
  Rendered items/index.html.erb within layouts/application (12.2ms)
Completed 200 OK in 153ms (Views: 151.5ms | ActiveRecord: 0.1ms)


Started GET "/items/1" for 125.196.131.128 at 2021-09-15 07:41:51 +0000
Cannot render console from 125.196.131.128! Allowed networks: 127.0.0.1, ::1, 127.0.0.0/127.255.255.255
Processing by ItemsController#show as HTML
  Parameters: {"id"=>"1"}
  [1m[36mItem Load (0.1ms)[0m  [1m[34mSELECT  "items".* FROM "items" WHERE "items"."id" = ? LIMIT ?[0m  [["id", 1], ["LIMIT", 1]]
  ↳ app/controllers/items_controller.rb:7
  Rendering items/show.html.erb within layouts/application
  Rendered items/show.html.erb within layouts/application (0.3ms)
Completed 200 OK in 124ms (Views: 121.4ms | ActiveRecord: 0.1ms)


Started GET "/items" for 125.196.131.128 at 2021-09-15 07:43:41 +0000
Cannot render console from 125.196.131.128! Allowed networks: 127.0.0.1, ::1, 127.0.0.0/127.255.255.255
Processing by ItemsController#index as HTML
  Rendering items/index.html.erb within layouts/application
  [1m[36mItem Load (0.1ms)[0m  [1m[34mSELECT  "items".* FROM "items" LIMIT ? OFFSET ?[0m  [["LIMIT", 25], ["OFFSET", 0]]
  ↳ app/views/items/_index.html.erb:2
  Rendered items/_index.html.erb (17.7ms)
  Rendered items/index.html.erb within layouts/application (19.7ms)
Completed 200 OK in 139ms (Views: 138.2ms | ActiveRecord: 0.1ms)


Started GET "/items" for 125.196.131.128 at 2021-09-15 07:45:17 +0000
Cannot render console from 125.196.131.128! Allowed networks: 127.0.0.1, ::1, 127.0.0.0/127.255.255.255
Processing by ItemsController#index as HTML
  Rendering items/index.html.erb within layouts/application
  [1m[36mItem Load (0.2ms)[0m  [1m[34mSELECT  "items".* FROM "items" LIMIT ? OFFSET ?[0m  [["LIMIT", 25], ["OFFSET", 0]]
  ↳ app/views/items/_index.html.erb:2
  Rendered items/_index.html.erb (9.7ms)
  Rendered items/index.html.erb within layouts/application (14.1ms)
Completed 200 OK in 158ms (Views: 155.9ms | ActiveRecord: 0.2ms)


Started GET "/items/8" for 125.196.131.128 at 2021-09-15 07:48:46 +0000
Cannot render console from 125.196.131.128! Allowed networks: 127.0.0.1, ::1, 127.0.0.0/127.255.255.255
Processing by ItemsController#show as HTML
  Parameters: {"id"=>"8"}
  [1m[36mItem Load (0.1ms)[0m  [1m[34mSELECT  "items".* FROM "items" WHERE "items"."id" = ? LIMIT ?[0m  [["id", 8], ["LIMIT", 1]]
  ↳ app/controllers/items_controller.rb:7
  Rendering items/show.html.erb within layouts/application
  Rendered items/show.html.erb within layouts/application (0.3ms)
Completed 200 OK in 149ms (Views: 146.2ms | ActiveRecord: 0.1ms)


Started GET "/items/8" for 125.196.131.128 at 2021-09-15 07:50:12 +0000
Cannot render console from 125.196.131.128! Allowed networks: 127.0.0.1, ::1, 127.0.0.0/127.255.255.255
Processing by ItemsController#show as HTML
  Parameters: {"id"=>"8"}
  [1m[36mItem Load (0.1ms)[0m  [1m[34mSELECT  "items".* FROM "items" WHERE "items"."id" = ? LIMIT ?[0m  [["id", 8], ["LIMIT", 1]]
  ↳ app/controllers/items_controller.rb:7
  Rendering items/show.html.erb within layouts/application
  Rendered items/show.html.erb within layouts/application (0.3ms)
Completed 200 OK in 127ms (Views: 124.2ms | ActiveRecord: 0.1ms)


Started GET "/items" for 125.196.131.128 at 2021-09-15 07:50:37 +0000
Cannot render console from 125.196.131.128! Allowed networks: 127.0.0.1, ::1, 127.0.0.0/127.255.255.255
Processing by ItemsController#index as HTML
  Rendering items/index.html.erb within layouts/application
  [1m[36mItem Load (2.9ms)[0m  [1m[34mSELECT  "items".* FROM "items" LIMIT ? OFFSET ?[0m  [["LIMIT", 25], ["OFFSET", 0]]
  ↳ app/views/items/_index.html.erb:2
  Rendered items/_index.html.erb (11.6ms)
  Rendered items/index.html.erb within layouts/application (13.2ms)
Completed 200 OK in 175ms (Views: 170.0ms | ActiveRecord: 2.9ms)


Started GET "/items" for 125.196.131.128 at 2021-09-15 07:51:09 +0000
Cannot render console from 125.196.131.128! Allowed networks: 127.0.0.1, ::1, 127.0.0.0/127.255.255.255
Processing by ItemsController#index as HTML
  Rendering items/index.html.erb within layouts/application
  [1m[36mItem Load (0.2ms)[0m  [1m[34mSELECT  "items".* FROM "items" LIMIT ? OFFSET ?[0m  [["LIMIT", 8], ["OFFSET", 0]]
  ↳ app/views/items/_index.html.erb:2
  [1m[35m (0.1ms)[0m  [1m[34mSELECT COUNT(*) FROM "items"[0m
  ↳ app/views/items/_index.html.erb:15
  Rendered items/_index.html.erb (35.0ms)
  Rendered items/index.html.erb within layouts/application (36.7ms)
Completed 200 OK in 158ms (Views: 153.1ms | ActiveRecord: 1.0ms)


Started GET "/items?page=2" for 125.196.131.128 at 2021-09-15 07:51:11 +0000
Cannot render console from 125.196.131.128! Allowed networks: 127.0.0.1, ::1, 127.0.0.0/127.255.255.255
Processing by ItemsController#index as HTML
  Parameters: {"page"=>"2"}
  Rendering items/index.html.erb within layouts/application
  [1m[36mItem Load (0.1ms)[0m  [1m[34mSELECT  "items".* FROM "items" LIMIT ? OFFSET ?[0m  [["LIMIT", 8], ["OFFSET", 8]]
  ↳ app/views/items/_index.html.erb:2
  Rendered items/_index.html.erb (13.9ms)
  Rendered items/index.html.erb within layouts/application (15.7ms)
Completed 200 OK in 135ms (Views: 133.1ms | ActiveRecord: 0.1ms)


Started GET "/items" for 125.196.131.128 at 2021-09-15 07:51:13 +0000
Cannot render console from 125.196.131.128! Allowed networks: 127.0.0.1, ::1, 127.0.0.0/127.255.255.255
Processing by ItemsController#index as HTML
  Rendering items/index.html.erb within layouts/application
  [1m[36mItem Load (0.1ms)[0m  [1m[34mSELECT  "items".* FROM "items" LIMIT ? OFFSET ?[0m  [["LIMIT", 8], ["OFFSET", 0]]
  ↳ app/views/items/_index.html.erb:2
  [1m[35m (0.1ms)[0m  [1m[34mSELECT COUNT(*) FROM "items"[0m
  ↳ app/views/items/_index.html.erb:15
  Rendered items/_index.html.erb (16.2ms)
  Rendered items/index.html.erb within layouts/application (17.8ms)
Completed 200 OK in 171ms (Views: 169.7ms | ActiveRecord: 0.3ms)


Started GET "/items/3" for 125.196.131.128 at 2021-09-15 07:51:36 +0000
Cannot render console from 125.196.131.128! Allowed networks: 127.0.0.1, ::1, 127.0.0.0/127.255.255.255
Processing by ItemsController#show as HTML
  Parameters: {"id"=>"3"}
  [1m[36mItem Load (0.2ms)[0m  [1m[34mSELECT  "items".* FROM "items" WHERE "items"."id" = ? LIMIT ?[0m  [["id", 3], ["LIMIT", 1]]
  ↳ app/controllers/items_controller.rb:7
  Rendering items/show.html.erb within layouts/application
  Rendered items/show.html.erb within layouts/application (0.3ms)
Completed 200 OK in 128ms (Views: 124.1ms | ActiveRecord: 0.2ms)


Started GET "/items" for 125.196.131.128 at 2021-09-15 07:58:10 +0000
Cannot render console from 125.196.131.128! Allowed networks: 127.0.0.1, ::1, 127.0.0.0/127.255.255.255
  [1m[35m (0.1ms)[0m  [1m[34mSELECT "schema_migrations"."version" FROM "schema_migrations" ORDER BY "schema_migrations"."version" ASC[0m
  ↳ /home/ec2-user/.rvm/gems/ruby-2.6.3/gems/activerecord-5.2.6/lib/active_record/log_subscriber.rb:98
Processing by ItemsController#index as HTML
  Rendering items/index.html.erb within layouts/application
  [1m[36mItem Load (0.2ms)[0m  [1m[34mSELECT  "items".* FROM "items" LIMIT ? OFFSET ?[0m  [["LIMIT", 8], ["OFFSET", 0]]
  ↳ app/views/items/_index.html.erb:3
  [1m[35m (0.2ms)[0m  [1m[34mSELECT COUNT(*) FROM "items"[0m
  ↳ app/views/items/_index.html.erb:17
  Rendered items/_index.html.erb (631.0ms)
  Rendered items/index.html.erb within layouts/application (633.9ms)
Completed 200 OK in 893ms (Views: 881.3ms | ActiveRecord: 1.1ms)


Started GET "/items/1" for 125.196.131.128 at 2021-09-15 08:09:06 +0000
Cannot render console from 125.196.131.128! Allowed networks: 127.0.0.1, ::1, 127.0.0.0/127.255.255.255
Processing by ItemsController#show as HTML
  Parameters: {"id"=>"1"}
  [1m[36mItem Load (0.2ms)[0m  [1m[34mSELECT  "items".* FROM "items" WHERE "items"."id" = ? LIMIT ?[0m  [["id", 1], ["LIMIT", 1]]
  ↳ app/controllers/items_controller.rb:7
  Rendering items/show.html.erb within layouts/application
  Rendered items/show.html.erb within layouts/application (0.3ms)
Completed 200 OK in 134ms (Views: 113.9ms | ActiveRecord: 0.2ms)


Started GET "/items/1" for 125.196.131.128 at 2021-09-15 08:09:10 +0000
Cannot render console from 125.196.131.128! Allowed networks: 127.0.0.1, ::1, 127.0.0.0/127.255.255.255
Processing by ItemsController#show as HTML
  Parameters: {"id"=>"1"}
  [1m[36mItem Load (0.1ms)[0m  [1m[34mSELECT  "items".* FROM "items" WHERE "items"."id" = ? LIMIT ?[0m  [["id", 1], ["LIMIT", 1]]
  ↳ app/controllers/items_controller.rb:7
  Rendering items/show.html.erb within layouts/application
  Rendered items/show.html.erb within layouts/application (0.3ms)
Completed 200 OK in 134ms (Views: 131.4ms | ActiveRecord: 0.1ms)


Started GET "/items/2" for 125.196.131.128 at 2021-09-15 08:09:13 +0000
Cannot render console from 125.196.131.128! Allowed networks: 127.0.0.1, ::1, 127.0.0.0/127.255.255.255
Processing by ItemsController#show as HTML
  Parameters: {"id"=>"2"}
  [1m[36mItem Load (0.1ms)[0m  [1m[34mSELECT  "items".* FROM "items" WHERE "items"."id" = ? LIMIT ?[0m  [["id", 2], ["LIMIT", 1]]
  ↳ app/controllers/items_controller.rb:7
  Rendering items/show.html.erb within layouts/application
  Rendered items/show.html.erb within layouts/application (0.4ms)
Completed 200 OK in 104ms (Views: 100.4ms | ActiveRecord: 0.1ms)


Started GET "/items?page=2" for 125.196.131.128 at 2021-09-15 08:09:23 +0000
Cannot render console from 125.196.131.128! Allowed networks: 127.0.0.1, ::1, 127.0.0.0/127.255.255.255
Processing by ItemsController#index as HTML
  Parameters: {"page"=>"2"}
  Rendering items/index.html.erb within layouts/application
  [1m[36mItem Load (0.2ms)[0m  [1m[34mSELECT  "items".* FROM "items" LIMIT ? OFFSET ?[0m  [["LIMIT", 8], ["OFFSET", 8]]
  ↳ app/views/items/_index.html.erb:3
  Rendered items/_index.html.erb (12.1ms)
  Rendered items/index.html.erb within layouts/application (14.7ms)
Completed 200 OK in 143ms (Views: 141.8ms | ActiveRecord: 0.2ms)


Started GET "/items" for 125.196.131.128 at 2021-09-15 08:09:26 +0000
Cannot render console from 125.196.131.128! Allowed networks: 127.0.0.1, ::1, 127.0.0.0/127.255.255.255
Processing by ItemsController#index as HTML
  Rendering items/index.html.erb within layouts/application
  [1m[36mItem Load (0.2ms)[0m  [1m[34mSELECT  "items".* FROM "items" LIMIT ? OFFSET ?[0m  [["LIMIT", 8], ["OFFSET", 0]]
  ↳ app/views/items/_index.html.erb:3
  [1m[35m (0.2ms)[0m  [1m[34mSELECT COUNT(*) FROM "items"[0m
  ↳ app/views/items/_index.html.erb:17
  Rendered items/_index.html.erb (16.3ms)
  Rendered items/index.html.erb within layouts/application (18.2ms)
Completed 200 OK in 129ms (Views: 127.0ms | ActiveRecord: 0.3ms)


Started GET "/items?page=2" for 125.196.131.128 at 2021-09-15 08:09:50 +0000
Cannot render console from 125.196.131.128! Allowed networks: 127.0.0.1, ::1, 127.0.0.0/127.255.255.255
Processing by ItemsController#index as HTML
  Parameters: {"page"=>"2"}
  Rendering items/index.html.erb within layouts/application
  [1m[36mItem Load (0.1ms)[0m  [1m[34mSELECT  "items".* FROM "items" LIMIT ? OFFSET ?[0m  [["LIMIT", 8], ["OFFSET", 8]]
  ↳ app/views/items/_index.html.erb:3
  Rendered items/_index.html.erb (10.7ms)
  Rendered items/index.html.erb within layouts/application (14.1ms)
Completed 200 OK in 119ms (Views: 117.5ms | ActiveRecord: 0.1ms)


Started GET "/items" for 125.196.131.128 at 2021-09-15 08:09:53 +0000
Cannot render console from 125.196.131.128! Allowed networks: 127.0.0.1, ::1, 127.0.0.0/127.255.255.255
Processing by ItemsController#index as HTML
  Rendering items/index.html.erb within layouts/application
  [1m[36mItem Load (0.1ms)[0m  [1m[34mSELECT  "items".* FROM "items" LIMIT ? OFFSET ?[0m  [["LIMIT", 8], ["OFFSET", 0]]
  ↳ app/views/items/_index.html.erb:3
  [1m[35m (0.1ms)[0m  [1m[34mSELECT COUNT(*) FROM "items"[0m
  ↳ app/views/items/_index.html.erb:17
  Rendered items/_index.html.erb (14.3ms)
  Rendered items/index.html.erb within layouts/application (16.7ms)
Completed 200 OK in 112ms (Views: 110.6ms | ActiveRecord: 0.2ms)


Started GET "/items?page=2" for 125.196.131.128 at 2021-09-15 08:09:56 +0000
Cannot render console from 125.196.131.128! Allowed networks: 127.0.0.1, ::1, 127.0.0.0/127.255.255.255
Processing by ItemsController#index as HTML
  Parameters: {"page"=>"2"}
  Rendering items/index.html.erb within layouts/application
  [1m[36mItem Load (0.1ms)[0m  [1m[34mSELECT  "items".* FROM "items" LIMIT ? OFFSET ?[0m  [["LIMIT", 8], ["OFFSET", 8]]
  ↳ app/views/items/_index.html.erb:3
  Rendered items/_index.html.erb (10.4ms)
  Rendered items/index.html.erb within layouts/application (12.1ms)
Completed 200 OK in 148ms (Views: 146.1ms | ActiveRecord: 0.1ms)


Started GET "/items" for 125.196.131.128 at 2021-09-15 08:10:06 +0000
Cannot render console from 125.196.131.128! Allowed networks: 127.0.0.1, ::1, 127.0.0.0/127.255.255.255
Processing by ItemsController#index as HTML
  Rendering items/index.html.erb within layouts/application
  [1m[36mItem Load (0.1ms)[0m  [1m[34mSELECT  "items".* FROM "items" LIMIT ? OFFSET ?[0m  [["LIMIT", 8], ["OFFSET", 0]]
  ↳ app/views/items/_index.html.erb:3
  [1m[35m (0.1ms)[0m  [1m[34mSELECT COUNT(*) FROM "items"[0m
  ↳ app/views/items/_index.html.erb:17
  Rendered items/_index.html.erb (14.9ms)
  Rendered items/index.html.erb within layouts/application (16.6ms)
Completed 200 OK in 111ms (Views: 110.1ms | ActiveRecord: 0.3ms)


Started GET "/items" for 125.196.131.128 at 2021-09-15 08:14:39 +0000
Cannot render console from 125.196.131.128! Allowed networks: 127.0.0.1, ::1, 127.0.0.0/127.255.255.255
Processing by ItemsController#index as HTML
  Rendering items/index.html.erb within layouts/application
  [1m[36mItem Load (0.2ms)[0m  [1m[34mSELECT  "items".* FROM "items" LIMIT ? OFFSET ?[0m  [["LIMIT", 8], ["OFFSET", 0]]
  ↳ app/views/items/_index.html.erb:3
  [1m[35m (0.1ms)[0m  [1m[34mSELECT COUNT(*) FROM "items"[0m
  ↳ app/views/items/_index.html.erb:19
  Rendered items/_index.html.erb (15.7ms)
  Rendered items/index.html.erb within layouts/application (17.8ms)
Completed 200 OK in 117ms (Views: 114.5ms | ActiveRecord: 0.3ms)


Started GET "/items" for 125.196.131.128 at 2021-09-15 08:15:22 +0000
Cannot render console from 125.196.131.128! Allowed networks: 127.0.0.1, ::1, 127.0.0.0/127.255.255.255
Processing by ItemsController#index as HTML
  Rendering items/index.html.erb within layouts/application
  [1m[36mItem Load (0.1ms)[0m  [1m[34mSELECT  "items".* FROM "items" LIMIT ? OFFSET ?[0m  [["LIMIT", 8], ["OFFSET", 0]]
  ↳ app/views/items/_index.html.erb:3
  [1m[35m (0.1ms)[0m  [1m[34mSELECT COUNT(*) FROM "items"[0m
  ↳ app/views/items/_index.html.erb:19
  Rendered items/_index.html.erb (16.0ms)
  Rendered items/index.html.erb within layouts/application (17.7ms)
Completed 200 OK in 137ms (Views: 135.9ms | ActiveRecord: 0.3ms)


Started GET "/items" for 125.196.131.128 at 2021-09-15 08:16:06 +0000
Cannot render console from 125.196.131.128! Allowed networks: 127.0.0.1, ::1, 127.0.0.0/127.255.255.255
Processing by ItemsController#index as HTML
  Rendering items/index.html.erb within layouts/application
  [1m[36mItem Load (0.2ms)[0m  [1m[34mSELECT  "items".* FROM "items" LIMIT ? OFFSET ?[0m  [["LIMIT", 8], ["OFFSET", 0]]
  ↳ app/views/items/_index.html.erb:3
  [1m[35m (0.1ms)[0m  [1m[34mSELECT COUNT(*) FROM "items"[0m
  ↳ app/views/items/_index.html.erb:19
  Rendered items/_index.html.erb (24.7ms)
  Rendered items/index.html.erb within layouts/application (30.0ms)
Completed 200 OK in 200ms (Views: 195.0ms | ActiveRecord: 0.3ms)


Started GET "/items" for 125.196.131.128 at 2021-09-15 08:16:25 +0000
Cannot render console from 125.196.131.128! Allowed networks: 127.0.0.1, ::1, 127.0.0.0/127.255.255.255
Processing by ItemsController#index as HTML
  Rendering items/index.html.erb within layouts/application
  [1m[36mItem Load (0.1ms)[0m  [1m[34mSELECT  "items".* FROM "items" LIMIT ? OFFSET ?[0m  [["LIMIT", 8], ["OFFSET", 0]]
  ↳ app/views/items/_index.html.erb:3
  [1m[35m (0.1ms)[0m  [1m[34mSELECT COUNT(*) FROM "items"[0m
  ↳ app/views/items/_index.html.erb:19
  Rendered items/_index.html.erb (20.9ms)
  Rendered items/index.html.erb within layouts/application (22.8ms)
Completed 200 OK in 168ms (Views: 162.4ms | ActiveRecord: 0.3ms)


Started GET "/items" for 125.196.131.128 at 2021-09-15 08:16:37 +0000
Cannot render console from 125.196.131.128! Allowed networks: 127.0.0.1, ::1, 127.0.0.0/127.255.255.255
Processing by ItemsController#index as HTML
  Rendering items/index.html.erb within layouts/application
  [1m[36mItem Load (0.1ms)[0m  [1m[34mSELECT  "items".* FROM "items" LIMIT ? OFFSET ?[0m  [["LIMIT", 8], ["OFFSET", 0]]
  ↳ app/views/items/_index.html.erb:3
  [1m[35m (0.1ms)[0m  [1m[34mSELECT COUNT(*) FROM "items"[0m
  ↳ app/views/items/_index.html.erb:19
  Rendered items/_index.html.erb (16.6ms)
  Rendered items/index.html.erb within layouts/application (18.3ms)
Completed 200 OK in 141ms (Views: 139.8ms | ActiveRecord: 0.2ms)


Started GET "/items" for 125.196.131.128 at 2021-09-15 08:17:41 +0000
Cannot render console from 125.196.131.128! Allowed networks: 127.0.0.1, ::1, 127.0.0.0/127.255.255.255
Processing by ItemsController#index as HTML
  Rendering items/index.html.erb within layouts/application
  [1m[36mItem Load (0.1ms)[0m  [1m[34mSELECT  "items".* FROM "items" LIMIT ? OFFSET ?[0m  [["LIMIT", 8], ["OFFSET", 0]]
  ↳ app/views/items/_index.html.erb:3
  [1m[35m (0.1ms)[0m  [1m[34mSELECT COUNT(*) FROM "items"[0m
  ↳ app/views/items/_index.html.erb:19
  Rendered items/_index.html.erb (19.8ms)
  Rendered items/index.html.erb within layouts/application (21.5ms)
Completed 200 OK in 130ms (Views: 129.1ms | ActiveRecord: 0.2ms)


